\BOOKMARK [0][-]{chapter.1}{Introduction}{}% 1
\BOOKMARK [1][-]{section.1.1}{Motivation}{chapter.1}% 2
\BOOKMARK [1][-]{section.1.2}{Project description}{chapter.1}% 3
\BOOKMARK [0][-]{chapter.2}{The process: building the UIMA chain}{}% 4
\BOOKMARK [1][-]{section.2.1}{Facing the absence of any annotated corpus}{chapter.2}% 5
\BOOKMARK [1][-]{section.2.2}{Extracting the full text from PDF}{chapter.2}% 6
\BOOKMARK [1][-]{section.2.3}{A quick overview of the analysis chain}{chapter.2}% 7
\BOOKMARK [1][-]{section.2.4}{Preprocessing}{chapter.2}% 8
\BOOKMARK [1][-]{section.2.5}{The Named Entity Recognizers}{chapter.2}% 9
\BOOKMARK [2][-]{subsection.2.5.1}{Annotating the Concentrations}{section.2.5}% 10
\BOOKMARK [2][-]{subsection.2.5.2}{Normalizing the Concentrations}{section.2.5}% 11
\BOOKMARK [1][-]{section.2.6}{Annotating the Proteins}{chapter.2}% 12
\BOOKMARK [2][-]{subsection.2.6.1}{BANNER}{section.2.6}% 13
\BOOKMARK [2][-]{subsection.2.6.2}{Benchmark of BANNER against Gimli}{section.2.6}% 14
\BOOKMARK [2][-]{subsection.2.6.3}{BannerM}{section.2.6}% 15
\BOOKMARK [2][-]{subsection.2.6.4}{Filtering on the length of Proteins}{section.2.6}% 16
\BOOKMARK [1][-]{section.2.7}{Annotating the Brain Regions, Cell types and Subcells}{chapter.2}% 17
\BOOKMARK [1][-]{section.2.8}{The Relation Extraction Stage}{chapter.2}% 18
\BOOKMARK [0][-]{chapter.3}{Results}{}% 19
\BOOKMARK [1][-]{section.3.1}{Analysis of the first large-scale Dataset}{chapter.3}% 20
\BOOKMARK [2][-]{subsection.3.1.1}{The 300-records Experiment}{section.3.1}% 21
\BOOKMARK [1][-]{section.3.2}{Large-scale Dataset after Filtering}{chapter.3}% 22
\BOOKMARK [2][-]{subsection.3.2.1}{Filtering summary}{section.3.2}% 23
\BOOKMARK [2][-]{subsection.3.2.2}{Reconducting the 300-records Experiment}{section.3.2}% 24
\BOOKMARK [2][-]{subsection.3.2.3}{The apparent Lack of True Positives}{section.3.2}% 25
\BOOKMARK [1][-]{section.3.3}{Results overview}{chapter.3}% 26
\BOOKMARK [0][-]{chapter.4}{Visualizing the results}{}% 27
\BOOKMARK [1][-]{section.4.1}{The Top Table View}{chapter.4}% 28
\BOOKMARK [1][-]{section.4.2}{The Search View}{chapter.4}% 29
\BOOKMARK [1][-]{section.4.3}{The Detailed View}{chapter.4}% 30
\BOOKMARK [0][-]{chapter.5}{Conclusion}{}% 31
